0 info it worked if it ends with ok
1 verbose cli [ 'node', '/usr/local/bin/npm', 'install', '-g', 'node-static' ]
2 info using npm@2.0.0-alpha-5
3 info using node@v0.10.28
4 verbose node symlink /usr/local/bin/node
5 verbose cache add [ 'node-static', null ]
6 verbose cache add spec="node-static" args=["node-static",null]
7 verbose parsed spec { raw: 'node-static',
7 verbose parsed spec   scope: null,
7 verbose parsed spec   name: 'node-static',
7 verbose parsed spec   rawSpec: '',
7 verbose parsed spec   spec: '*',
7 verbose parsed spec   type: 'range' }
8 verbose addNamed [ 'node-static', '*' ]
9 verbose addNamed [ null, '*' ]
10 silly lockFile 8bd5c9d6-node-static node-static@*
11 verbose lock node-static@* /Users/lamkeewei/.npm/8bd5c9d6-node-static.lock
12 silly addNameRange { name: 'node-static', range: '*', hasData: false }
13 verbose mapToRegistry name node-static
14 verbose mapToRegistry uri https://registry.npmjs.org/node-static
15 verbose request where is /node-static
16 verbose request registry https://registry.npmjs.org/
17 verbose request id 83227181121d2d7a
18 verbose request url raw /node-static
19 verbose request url resolving [ 'https://registry.npmjs.org/', './node-static' ]
20 verbose request url resolved https://registry.npmjs.org/node-static
21 verbose request where is https://registry.npmjs.org/node-static
22 verbose request no basic auth needed
23 info trying registry request attempt 1 at 16:18:28
24 verbose etag "3021EEHCR3R6ZF3B4SSKY2NGY"
25 http GET https://registry.npmjs.org/node-static
26 http 304 https://registry.npmjs.org/node-static
27 silly registry.get cb [ 304,
27 silly registry.get   { date: 'Wed, 27 Aug 2014 08:18:27 GMT',
27 silly registry.get     server: 'Apache',
27 silly registry.get     via: '1.1 varnish',
27 silly registry.get     'last-modified': 'Wed, 27 Aug 2014 08:18:27 GMT',
27 silly registry.get     'cache-control': 'max-age=60',
27 silly registry.get     etag: '"3021EEHCR3R6ZF3B4SSKY2NGY"',
27 silly registry.get     'x-served-by': 'cache-sn86-SIN',
27 silly registry.get     'x-cache': 'HIT',
27 silly registry.get     'x-cache-hits': '1',
27 silly registry.get     'x-timer': 'S1409127507.638908,VS0,VE252',
27 silly registry.get     vary: 'Accept',
27 silly registry.get     'content-length': '0',
27 silly registry.get     'keep-alive': 'timeout=10, max=50',
27 silly registry.get     connection: 'Keep-Alive' } ]
28 verbose etag https://registry.npmjs.org/node-static from cache
29 silly addNameRange number 2 { name: 'node-static', range: '*', hasData: true }
30 silly addNameRange versions [ 'node-static',
30 silly addNameRange   [ '0.5.6',
30 silly addNameRange     '0.5.7',
30 silly addNameRange     '0.5.8',
30 silly addNameRange     '0.5.9',
30 silly addNameRange     '0.6.0',
30 silly addNameRange     '0.6.1',
30 silly addNameRange     '0.6.2',
30 silly addNameRange     '0.6.3',
30 silly addNameRange     '0.6.4',
30 silly addNameRange     '0.6.5',
30 silly addNameRange     '0.6.6',
30 silly addNameRange     '0.6.7',
30 silly addNameRange     '0.6.8',
30 silly addNameRange     '0.6.9',
30 silly addNameRange     '0.7.0',
30 silly addNameRange     '0.7.1',
30 silly addNameRange     '0.7.2',
30 silly addNameRange     '0.7.3',
30 silly addNameRange     '0.7.4' ] ]
31 verbose addNamed [ 'node-static', '0.7.4' ]
32 verbose addNamed [ '0.7.4', '0.7.4' ]
33 silly lockFile 2e60e888-node-static-0-7-4 node-static@0.7.4
34 verbose lock node-static@0.7.4 /Users/lamkeewei/.npm/2e60e888-node-static-0-7-4.lock
35 silly lockFile 2e60e888-node-static-0-7-4 node-static@0.7.4
36 silly lockFile 2e60e888-node-static-0-7-4 node-static@0.7.4
37 silly lockFile 8bd5c9d6-node-static node-static@*
38 silly lockFile 8bd5c9d6-node-static node-static@*
39 silly resolved [ { name: 'node-static',
39 silly resolved     description: 'simple, compliant file streaming module for node',
39 silly resolved     url: 'http://github.com/cloudhead/node-static',
39 silly resolved     keywords: [ 'http', 'static', 'file', 'server' ],
39 silly resolved     author: { name: 'Alexis Sellier', email: 'self@cloudhead.net' },
39 silly resolved     contributors: [ [Object] ],
39 silly resolved     repository: { type: 'git', url: 'http://github.com/cloudhead/node-static' },
39 silly resolved     main: './lib/node-static',
39 silly resolved     scripts: { test: 'vows --spec --isolate' },
39 silly resolved     bin: { static: 'bin/cli.js' },
39 silly resolved     license: 'MIT',
39 silly resolved     dependencies: { optimist: '>=0.3.4', colors: '>=0.6.0', mime: '>=1.2.9' },
39 silly resolved     devDependencies: { request: 'latest', vows: 'latest' },
39 silly resolved     version: '0.7.4',
39 silly resolved     engines: { node: '>= 0.4.1' },
39 silly resolved     bugs: { url: 'https://github.com/cloudhead/node-static/issues' },
39 silly resolved     homepage: 'https://github.com/cloudhead/node-static',
39 silly resolved     _id: 'node-static@0.7.4',
39 silly resolved     dist:
39 silly resolved      { shasum: '026fb71271981380eb4aea7f9fdbb69b4692aabf',
39 silly resolved        tarball: 'http://registry.npmjs.org/node-static/-/node-static-0.7.4.tgz' },
39 silly resolved     _from: 'node-static@*',
39 silly resolved     _npmVersion: '1.3.21',
39 silly resolved     _npmUser: { name: 'phstc', email: 'pablo@pablocantero.com' },
39 silly resolved     maintainers: [ [Object], [Object], [Object] ],
39 silly resolved     directories: {},
39 silly resolved     _shasum: '026fb71271981380eb4aea7f9fdbb69b4692aabf',
39 silly resolved     _resolved: 'https://registry.npmjs.org/node-static/-/node-static-0.7.4.tgz',
39 silly resolved     readme: 'ERROR: No README data found!' } ]
40 info install node-static@0.7.4 into /usr/local/lib
41 info installOne node-static@0.7.4
42 verbose lib/node_modules/node-static unbuild
43 info preuninstall node-static@0.7.4
44 info uninstall node-static@0.7.4
45 verbose true,/usr/local/lib/node_modules,/usr/local/lib/node_modules unbuild node-static@0.7.4
46 verbose /usr/local/bin,[object Object] binRoot
47 verbose gentlyRm verifying that /usr/local/lib/node_modules/node-static is managed by npm
48 silly cacheAndTest /usr/local/lib/node_modules/node-static is inside /usr/local/lib/node_modules
49 silly gentlyRm /usr/local/lib/node_modules/node-static is managed by npm
50 silly gentlyRm /usr/local/bin/static is not under /usr/local/lib/node_modules/node-static
51 silly gentlyRm checking to see if /usr/local/bin/static is a link
52 silly gentlyRm /usr/local/bin/static is a link
53 silly gentlyRm checking to see if /usr/local/lib/node_modules/static/bin/static is managed by npm
54 silly isManaged /usr/local/lib/node_modules/static/bin/static is inside /usr/local/lib/node_modules
55 silly gentlyRm /usr/local/lib/node_modules/static/bin/static is under /usr/local/lib/node_modules
56 verbose gentlyRm removing /usr/local/bin/static
57 verbose gentlyRm /usr/local/lib/node_modules/static/bin/static is not managed by npm
58 verbose lib/node_modules/node-static unbuild
59 info preuninstall node-static@0.7.4
60 info uninstall node-static@0.7.4
61 verbose true,/usr/local/lib/node_modules,/usr/local/lib/node_modules unbuild node-static@0.7.4
62 verbose /usr/local/bin,[object Object] binRoot
63 verbose gentlyRm verifying that /usr/local/lib/node_modules/node-static is managed by npm
64 silly isManaged /usr/local/lib/node_modules/node-static is inside /usr/local/lib/node_modules
65 silly gentlyRm /usr/local/lib/node_modules/node-static is managed by npm
66 silly gentlyRm /usr/local/bin/static is not under /usr/local/lib/node_modules/node-static
67 silly gentlyRm checking to see if /usr/local/bin/static is a link
68 info postuninstall node-static@0.7.4
69 verbose gentlyRm vacuuming /usr/local/lib/node_modules/node-static
70 silly gentlyRm purging /usr/local/lib/node_modules/node-static
71 silly gentlyRm quitting because other entries in /usr/local/lib/node_modules
72 error Refusing to delete: /usr/local/bin/static not in /usr/local/lib/node_modules/node-static
File exists: /usr/local/bin/static
Move it away, and try again.
73 error System Darwin 13.3.0
74 error command "node" "/usr/local/bin/npm" "install" "-g" "node-static"
75 error cwd /Users/lamkeewei/Desktop/HTML Foundations
76 error node -v v0.10.28
77 error npm -v 2.0.0-alpha-5
78 error path /usr/local/bin/static
79 error code EEXIST
80 verbose exit [ 1, true ]
